<?xml version="1.0" encoding="UTF-8"?>
<!-- Generated by org.testng.reporters.JUnitReportReporter -->
<testsuite hostname="DESKTOP-L24NCKJ" failures="0" tests="2" name="com.execution.runner.ParallelRunner" time="19.433" errors="0" timestamp="2023-07-08T06:26:10 IST" skipped="0">
  <testcase classname="com.execution.runner.ParallelRunner" name="runScenario" time="7.519"/>
  <system-out/>
  <testcase classname="com.execution.runner.ParallelRunner" name="runScenario" time="11.914"/>
  <system-out/>
</testsuite> <!-- com.execution.runner.ParallelRunner -->
